2018-07-25 16:21:47 [INFO] =============Sort job go!================= 
2018-07-25 16:21:47 [INFO] copy C:/Users/Public/Pictures\desktop.ini to \20180725162147\200907 
2018-07-25 16:21:47 [INFO] copy C:/Users/Public/Pictures\Sample Pictures\Chrysanthemum.jpg to \20180725162147\200803 
2018-07-25 16:21:47 [INFO] copy C:/Users/Public/Pictures\Sample Pictures\Desert.jpg to \20180725162147\200803 
2018-07-25 16:21:47 [INFO] copy C:/Users/Public/Pictures\Sample Pictures\Hydrangeas.jpg to \20180725162147\200803 
2018-07-25 16:21:48 [INFO] copy C:/Users/Public/Pictures\Sample Pictures\Jellyfish.jpg to \20180725162147\200802 
2018-07-25 16:21:48 [INFO] copy C:/Users/Public/Pictures\Sample Pictures\Koala.jpg to \20180725162147\200802 
2018-07-25 16:21:48 [INFO] copy C:/Users/Public/Pictures\Sample Pictures\Lighthouse.jpg to \20180725162147\200802 
2018-07-25 16:21:48 [INFO] copy C:/Users/Public/Pictures\Sample Pictures\Penguins.jpg to \20180725162147\200802 
2018-07-25 16:21:48 [INFO] copy C:/Users/Public/Pictures\Sample Pictures\Tulips.jpg to \20180725162147\200802 
2018-07-25 16:21:48 [INFO] copy C:/Users/Public/Pictures\Sample Pictures\desktop.ini to \20180725162147\200907 
2018-07-25 16:21:48 [INFO] =============Sort job done!=================
 
2018-07-25 16:22:27 [INFO] =============Sort job go!================= 
2018-07-25 16:22:27 [INFO] copy C:/Users/0216000543.ZTE/Pictures\0123_1.jpg to \20180725162227\201801 
2018-07-25 16:22:54 [INFO] =============Sort job go!================= 
2018-07-25 16:22:54 [INFO] copy C:/Users/0216000543.ZTE/Pictures\0123_1.jpg to \20180725162254\201801 
2018-07-25 16:22:54 [INFO] copy C:/Users/0216000543.ZTE/Pictures\1.jpg to \20180725162254\201704 
2018-07-25 16:22:54 [INFO] copy C:/Users/0216000543.ZTE/Pictures\10.png to \20180725162254\201710 
2018-07-25 16:22:54 [INFO] copy C:/Users/0216000543.ZTE/Pictures\201801.png to \20180725162254\201804 
2018-07-25 16:22:54 [INFO] copy C:/Users/0216000543.ZTE/Pictures\201802.png to \20180725162254\201804 
2018-07-25 16:22:54 [INFO] copy C:/Users/0216000543.ZTE/Pictures\201803.png to \20180725162254\201804 
2018-07-25 16:22:54 [INFO] copy C:/Users/0216000543.ZTE/Pictures\9.PNG to \20180725162254\201710 
2018-07-25 16:22:54 [INFO] copy C:/Users/0216000543.ZTE/Pictures\907596-20170517110100869-2022531474.jpg to \20180725162254\201707 
2018-07-25 16:22:54 [INFO] copy C:/Users/0216000543.ZTE/Pictures\CPE.PNG to \20180725162254\201607 
2018-07-25 16:22:54 [INFO] copy C:/Users/0216000543.ZTE/Pictures\IE11SettingsZh.bat to \20180725162254\201705 
2018-07-25 16:22:54 [INFO] copy C:/Users/0216000543.ZTE/Pictures\aaaaa.jpg to \20180725162254\201711 
2018-07-25 16:22:54 [INFO] copy C:/Users/0216000543.ZTE/Pictures\architecture (1).peg to \20180725162254\201707 
2018-07-25 16:22:54 [INFO] copy C:/Users/0216000543.ZTE/Pictures\architecture.png to \20180725162254\201707 
2018-07-25 16:22:54 [INFO] copy C:/Users/0216000543.ZTE/Pictures\architecture.svg to \20180725162254\201707 
2018-07-25 16:22:54 [INFO] copy C:/Users/0216000543.ZTE/Pictures\desktop.ini to \20180725162254\201706 
2018-07-25 16:22:55 [INFO] copy C:/Users/0216000543.ZTE/Pictures\engine-components-flow.png to \20180725162254\201707 
2018-07-25 16:22:55 [INFO] copy C:/Users/0216000543.ZTE/Pictures\litao.jpg to \20180725162254\201708 
2018-07-25 16:22:55 [INFO] copy C:/Users/0216000543.ZTE/Pictures\mybridge.JPG to \20180725162254\201711 
2018-07-25 16:22:55 [INFO] copy C:/Users/0216000543.ZTE/Pictures\图片1.png to \20180725162254\201807 
2018-07-25 16:22:55 [INFO] copy C:/Users/0216000543.ZTE/Pictures\捕获.PNG to \20180725162254\201610 
2018-07-25 16:22:55 [INFO] copy C:/Users/0216000543.ZTE/Pictures\捕获2.PNG to \20180725162254\201610 
2018-07-25 16:22:55 [INFO] copy C:/Users/0216000543.ZTE/Pictures\捕获3.PNG to \20180725162254\201612 
2018-07-25 16:22:55 [INFO] copy C:/Users/0216000543.ZTE/Pictures\新建位图图像.bmp to \20180725162254\201704 
2018-07-25 16:22:55 [INFO] copy C:/Users/0216000543.ZTE/Pictures\无标题.png to \20180725162254\201801 
2018-07-25 16:22:55 [INFO] =============Sort job done!=================
 
