0 info it worked if it ends with ok
1 verbose cli [ 'C:\\Program Files\\nodejs\\node.exe',
1 verbose cli   'C:\\Program Files\\nodejs\\node_modules\\npm\\bin\\npm-cli.js',
1 verbose cli   '--registry',
1 verbose cli   'https://registry.npm.taobao.org',
1 verbose cli   'install',
1 verbose cli   'hexo' ]
2 info using npm@3.10.9
3 info using node@v7.1.0
4 silly loadCurrentTree Starting
5 silly install loadCurrentTree
6 silly install readLocalPackageData
7 silly fetchPackageMetaData hexo
8 silly fetchNamedPackageData hexo
9 silly mapToRegistry name hexo
10 silly mapToRegistry using default registry
11 silly mapToRegistry registry https://registry.npm.taobao.org/
12 silly mapToRegistry data Result {
12 silly mapToRegistry   raw: 'hexo',
12 silly mapToRegistry   scope: null,
12 silly mapToRegistry   escapedName: 'hexo',
12 silly mapToRegistry   name: 'hexo',
12 silly mapToRegistry   rawSpec: '',
12 silly mapToRegistry   spec: 'latest',
12 silly mapToRegistry   type: 'tag' }
13 silly mapToRegistry uri https://registry.npm.taobao.org/hexo
14 verbose request uri https://registry.npm.taobao.org/hexo
15 verbose request no auth needed
16 info attempt registry request try #1 at 14:13:08
17 verbose request id cb4f1cef5a4039f3
18 http request GET https://registry.npm.taobao.org/hexo
19 verbose stack Error: kill ENOSYS
19 verbose stack     at exports._errnoException (util.js:1022:11)
19 verbose stack     at process.kill (internal/process.js:173:13)
19 verbose stack     at process.listener (C:\Program Files\nodejs\node_modules\npm\node_modules\npmlog\node_modules\gauge\node_modules\signal-exit\index.js:86:15)
19 verbose stack     at emitNone (events.js:91:20)
19 verbose stack     at process.emit (events.js:185:7)
19 verbose stack     at processEmit (C:\Program Files\nodejs\node_modules\npm\node_modules\npmlog\node_modules\gauge\node_modules\signal-exit\index.js:146:32)
19 verbose stack     at processEmit (C:\Program Files\nodejs\node_modules\npm\node_modules\npm-registry-client\node_modules\npmlog\node_modules\gauge\node_modules\signal-exit\index.js:146:32)
19 verbose stack     at Signal.wrap.onsignal (internal/process.js:200:44)
20 verbose cwd C:\workspace\hello
21 error Windows_NT 6.1.7601
22 error argv "C:\\Program Files\\nodejs\\node.exe" "C:\\Program Files\\nodejs\\node_modules\\npm\\bin\\npm-cli.js" "--registry" "https://registry.npm.taobao.org" "install" "hexo"
23 error node v7.1.0
24 error npm  v3.10.9
25 error code ENOSYS
26 error errno ENOSYS
27 error syscall kill
28 error kill ENOSYS
29 error If you need help, you may report this error at:
29 error     <https://github.com/npm/npm/issues>
30 verbose exit [ 1, true ]
